<?xml version="1.0" encoding="UTF-8"?>
<!-- Generated by org.testng.reporters.JUnitReportReporter -->
<testsuite hostname="Mrunal" failures="0" tests="1" name="com.bridgelabz.qa.POM.PageTests.LoginPage_Test" time="13.302" errors="0" timestamp="2023-03-29T18:07:02 IST" skipped="0">
  <testcase classname="com.bridgelabz.qa.POM.PageTests.LoginPage_Test" name="loginTest" time="13.302"/>
  <system-out/>
</testsuite> <!-- com.bridgelabz.qa.POM.PageTests.LoginPage_Test -->
