<?xml version="1.0" encoding="UTF-8"?>
<!-- Generated by org.testng.reporters.JUnitReportReporter -->
<testsuite hostname="Mrunal" failures="0" tests="2" name="com.bridgelabz.qa.POM.PageTests.FriendPage_Test" time="36.873" errors="0" timestamp="2023-03-29T17:46:30 IST" skipped="0">
  <testcase classname="com.bridgelabz.qa.POM.PageTests.FriendPage_Test" name="verifyFriendPageLabelTest" time="15.971"/>
  <system-out/>
  <testcase classname="com.bridgelabz.qa.POM.PageTests.FriendPage_Test" name="clickOnFriendRequest" time="20.902"/>
  <system-out/>
</testsuite> <!-- com.bridgelabz.qa.POM.PageTests.FriendPage_Test -->
