<?xml version="1.0" encoding="UTF-8"?>
<!-- Generated by org.testng.reporters.JUnitReportReporter -->
<testsuite hostname="Mrunal" failures="0" tests="1" name="com.bridgelabz.qa.POM.PageTests.SignupPage_Test" time="14.387" errors="0" timestamp="2023-04-12T16:15:14 IST" skipped="0">
  <testcase classname="com.bridgelabz.qa.POM.PageTests.SignupPage_Test" name="signupWithKeywordDriven" time="14.387"/>
  <system-out/>
</testsuite> <!-- com.bridgelabz.qa.POM.PageTests.SignupPage_Test -->
