<?xml version="1.0" encoding="UTF-8"?>
<!-- Generated by org.testng.reporters.JUnitReportReporter -->
<testsuite hostname="Mrunal" failures="0" tests="2" name="com.bridgelabz.qa.POM.PageTests.MarketPlacePage_Test" time="28.876" errors="0" timestamp="2023-03-29T17:46:30 IST" skipped="0">
  <testcase classname="com.bridgelabz.qa.POM.PageTests.MarketPlacePage_Test" name="marketPlacePageTitleTest" time="10.782"/>
  <system-out/>
  <testcase classname="com.bridgelabz.qa.POM.PageTests.MarketPlacePage_Test" name="clickOnVehiclesTest" time="18.094"/>
  <system-out/>
</testsuite> <!-- com.bridgelabz.qa.POM.PageTests.MarketPlacePage_Test -->
